<?xml version="1.0" encoding="UTF-8"?>
<!-- Generated by org.testng.reporters.JUnitXMLReporter -->
<testsuite hostname="SJCHP840G3324Y" ignored="4" name="Test" tests="3" failures="2" timestamp="20 Jul 2018 23:58:51 GMT" time="49.819" errors="0">
  <testcase name="createUPC" time="41.946" classname="op_Package.CreateUPC"/>
  <testcase name="createUPC" time="0.001" classname="op_Package.CloneUPC">
    <failure type="java.lang.NullPointerException">
      <![CDATA[java.lang.NullPointerException
at op_Package.CloneUPC.createUPC(CloneUPC.java:82)
... Removed 25 stack frames]]>
    </failure>
  </testcase> <!-- createUPC -->
  <testcase name="createUPC" time="0.002" classname="op_Package.DeleteUPC">
    <failure type="java.lang.NullPointerException">
      <![CDATA[java.lang.NullPointerException
at op_Package.DeleteUPC.createUPC(DeleteUPC.java:72)
... Removed 25 stack frames]]>
    </failure>
  </testcase> <!-- createUPC -->
  <testcase name="@BeforeTest getBrowser" time="0.0" classname="utility.base">
    <ignored/>
  </testcase> <!-- @BeforeTest getBrowser -->
  <testcase name="@BeforeTest getBrowser" time="0.0" classname="utility.base">
    <ignored/>
  </testcase> <!-- @BeforeTest getBrowser -->
  <testcase name="@AfterTest tierDown" time="0.0" classname="utility.base">
    <ignored/>
  </testcase> <!-- @AfterTest tierDown -->
  <testcase name="@AfterTest tierDown" time="0.0" classname="utility.base">
    <ignored/>
  </testcase> <!-- @AfterTest tierDown -->
</testsuite> <!-- Test -->
