<?xml version="1.0" encoding="UTF-8"?>
<!-- Generated by org.testng.reporters.JUnitXMLReporter -->
<testsuite hostname="SJCHP840G3324Y" ignored="0" name="TestOC" tests="4" failures="0" timestamp="15 Aug 2018 22:27:39 GMT" time="146.235" errors="0">
  <testcase name="addingProducts" time="21.656" classname="op_Package.AddProduct"/>
  <testcase name="addingProducts" time="26.087" classname="op_Package.AddProductAndValidateDollarAmount"/>
  <testcase name="addingProducts" time="33.125" classname="op_Package.EnterShiipingContactInfo"/>
  <testcase name="addingProducts" time="28.583" classname="op_Package.RemoveProduct"/>
</testsuite> <!-- TestOC -->
