<?xml version="1.0" encoding="UTF-8"?>
<!-- Generated by org.testng.reporters.JUnitXMLReporter -->
<testsuite hostname="SJCHP840G3324Y" ignored="0" name="TestOC" tests="5" failures="0" timestamp="17 Aug 2018 05:49:22 GMT" time="174.863" errors="0">
  <testcase name="addingProducts" time="16.085" classname="com.store.checkout.AddProduct"/>
  <testcase name="addingProducts" time="20.442" classname="com.store.checkout.AddProductAndValidateDollarAmount"/>
  <testcase name="addingProducts" time="25.194" classname="com.store.checkout.EnterShiipingContactInfo"/>
  <testcase name="addingProducts" time="32.651" classname="com.store.checkout.RemoveProduct"/>
  <testcase name="addingProducts" time="48.796" classname="com.store.checkout.VerifyErrorMessage"/>
</testsuite> <!-- TestOC -->
