<?xml version="1.0" encoding="UTF-8"?>
<testng-results skipped="0" failed="0" ignored="0" total="1" passed="1">
  <reporter-output>
  </reporter-output>
  <suite name="Default suite" duration-ms="34306" started-at="2018-08-17T17:12:13Z" finished-at="2018-08-17T17:12:48Z">
    <groups>
    </groups>
    <test name="Default test" duration-ms="34306" started-at="2018-08-17T17:12:13Z" finished-at="2018-08-17T17:12:48Z">
      <class name="com.store.checkout.EnterShiipingContactInfo">
        <test-method status="PASS" signature="getBrowser()[pri:0, instance:com.store.checkout.EnterShiipingContactInfo@5f71c76a]" name="getBrowser" is-config="true" duration-ms="4978" started-at="2018-08-17T17:12:13Z" finished-at="2018-08-17T17:12:18Z">
          <reporter-output>
          </reporter-output>
        </test-method> <!-- getBrowser -->
        <test-method status="PASS" signature="addingProducts()[pri:0, instance:com.store.checkout.EnterShiipingContactInfo@5f71c76a]" name="addingProducts" duration-ms="26571" started-at="2018-08-17T17:12:18Z" finished-at="2018-08-17T17:12:45Z">
          <reporter-output>
          </reporter-output>
        </test-method> <!-- addingProducts -->
        <test-method status="PASS" signature="tierDown()[pri:0, instance:com.store.checkout.EnterShiipingContactInfo@5f71c76a]" name="tierDown" is-config="true" duration-ms="2731" started-at="2018-08-17T17:12:45Z" finished-at="2018-08-17T17:12:48Z">
          <reporter-output>
          </reporter-output>
        </test-method> <!-- tierDown -->
      </class> <!-- com.store.checkout.EnterShiipingContactInfo -->
    </test> <!-- Default test -->
  </suite> <!-- Default suite -->
</testng-results>
